[2025-02-20 15:12:25,044] 20 root - INFO - moving user data to DATA folder
[2025-02-20 15:12:25,045] 25 root - INFO - user data moved successfully
[2025-02-20 15:12:37,517] 20 root - INFO - moving user data to DATA folder
[2025-02-20 15:12:37,519] 25 root - INFO - user data moved successfully
[2025-02-20 15:12:40,605] 20 root - INFO - moving user data to DATA folder
[2025-02-20 15:12:40,607] 25 root - INFO - user data moved successfully
[2025-02-20 15:12:40,610] 17 root - INFO - data loading started...
[2025-02-20 15:12:42,712] 20 root - INFO - data loading completed...
[2025-02-20 15:12:44,898] 21 root - INFO - 
[2025-02-20 15:17:54,376] 20 root - INFO - moving user data to DATA folder
[2025-02-20 15:17:54,378] 25 root - INFO - user data moved successfully
[2025-02-20 15:18:03,963] 20 root - INFO - moving user data to DATA folder
[2025-02-20 15:18:03,965] 25 root - INFO - user data moved successfully
[2025-02-20 15:18:04,183] 20 root - INFO - moving user data to DATA folder
[2025-02-20 15:18:04,184] 25 root - INFO - user data moved successfully
[2025-02-20 15:18:04,186] 17 root - INFO - data loading started...
[2025-02-20 15:18:05,347] 20 root - INFO - data loading completed...
[2025-02-20 15:18:07,339] 21 root - INFO - 
[2025-02-20 15:18:07,708] 28 root - INFO - 
[2025-02-20 15:18:23,660] 32 root - INFO - 
